[debug] [2020-01-26T06:55:24.242Z] ----------------------------------------------------------------------
[debug] [2020-01-26T06:55:24.247Z] Command:       C:\Users\jorda\DOWNLO~1\firebase-tools-instant-win.exe C:\Users\jorda\.cache\firebase\tools\lib\node_modules\firebase-tools\lib\bin\firebase serve
[debug] [2020-01-26T06:55:24.247Z] CLI Version:   7.12.1
[debug] [2020-01-26T06:55:24.247Z] Platform:      win32
[debug] [2020-01-26T06:55:24.247Z] Node Version:  v12.13.1
[debug] [2020-01-26T06:55:24.249Z] Time:          Sun Jan 26 2020 00:55:24 GMT-0600 (Central Standard Time)
[debug] [2020-01-26T06:55:24.249Z] ----------------------------------------------------------------------
[debug] [2020-01-26T06:55:24.249Z] 
[debug] [2020-01-26T06:55:24.260Z] > command requires scopes: ["email","openid","https://www.googleapis.com/auth/cloudplatformprojects.readonly","https://www.googleapis.com/auth/firebase","https://www.googleapis.com/auth/cloud-platform"]
[debug] [2020-01-26T06:55:24.260Z] > authorizing via signed-in user
[debug] [2020-01-26T06:55:24.260Z] [iam] checking project hare-dffdc for permissions ["firebase.projects.get"]
[debug] [2020-01-26T06:55:24.262Z] >>> HTTP REQUEST POST https://cloudresourcemanager.googleapis.com/v1/projects/hare-dffdc:testIamPermissions  

[debug] [2020-01-26T06:55:24.437Z] <<< HTTP RESPONSE 200
[debug] [2020-01-26T06:55:24.441Z] >>> HTTP REQUEST GET https://firebase.googleapis.com/v1beta1/projects/hare-dffdc  
 
[debug] [2020-01-26T06:55:24.701Z] <<< HTTP RESPONSE 200
[info] 
[info] === Serving from 'C:\Users\jorda\Desktop\TamuHack2020'...
[info] 
[debug] [2020-01-26T06:55:24.708Z] >>> HTTP REQUEST GET https://firebase.googleapis.com/v1beta1/projects/hare-dffdc/webApps/-/config  
 
[debug] [2020-01-26T06:55:25.008Z] <<< HTTP RESPONSE 200
[info] i  hosting: Serving hosting files from: public
[info] +  hosting: Local server: http://localhost:5000
[debug] [2020-01-26T07:04:16.365Z] ----------------------------------------------------------------------
[debug] [2020-01-26T07:04:16.370Z] Command:       C:\Users\jorda\DOWNLO~1\firebase-tools-instant-win.exe C:\Users\jorda\.cache\firebase\tools\lib\node_modules\firebase-tools\lib\bin\firebase serve
[debug] [2020-01-26T07:04:16.370Z] CLI Version:   7.12.1
[debug] [2020-01-26T07:04:16.370Z] Platform:      win32
[debug] [2020-01-26T07:04:16.370Z] Node Version:  v12.13.1
[debug] [2020-01-26T07:04:16.372Z] Time:          Sun Jan 26 2020 01:04:16 GMT-0600 (Central Standard Time)
[debug] [2020-01-26T07:04:16.372Z] ----------------------------------------------------------------------
[debug] [2020-01-26T07:04:16.372Z] 
[debug] [2020-01-26T07:04:16.423Z] > command requires scopes: ["email","openid","https://www.googleapis.com/auth/cloudplatformprojects.readonly","https://www.googleapis.com/auth/firebase","https://www.googleapis.com/auth/cloud-platform"]
[debug] [2020-01-26T07:04:16.423Z] > authorizing via signed-in user
[debug] [2020-01-26T07:04:16.423Z] [iam] checking project hare-dffdc for permissions ["firebase.projects.get"]
[debug] [2020-01-26T07:04:16.425Z] >>> HTTP REQUEST POST https://cloudresourcemanager.googleapis.com/v1/projects/hare-dffdc:testIamPermissions  

[debug] [2020-01-26T07:04:16.608Z] <<< HTTP RESPONSE 200
[debug] [2020-01-26T07:04:16.613Z] >>> HTTP REQUEST GET https://firebase.googleapis.com/v1beta1/projects/hare-dffdc  
 
[debug] [2020-01-26T07:04:16.729Z] <<< HTTP RESPONSE 200
[info] 
[info] === Serving from 'C:\Users\jorda\Desktop\TamuHack2020'...
[info] 
[debug] [2020-01-26T07:04:16.742Z] >>> HTTP REQUEST GET https://firebase.googleapis.com/v1beta1/projects/hare-dffdc/webApps/-/config  
 
[debug] [2020-01-26T07:04:17.085Z] <<< HTTP RESPONSE 200
[info] i  hosting: Serving hosting files from: public
[info] +  hosting: Local server: http://localhost:5000
